


ARM Macro Assembler    Page 1 


    1 00000000         ;* -----------------------------------------------------
                       -------------
    2 00000000         ;* --  _____       ______  _____                        
                                   -
    3 00000000         ;* -- |_   _|     |  ____|/ ____|                       
                                   -
    4 00000000         ;* --   | |  _ __ | |__  | (___    Institute of Embedded
                        Systems    -
    5 00000000         ;* --   | | | '_ \|  __|  \___ \   Zurich University of 
                                   -
    6 00000000         ;* --  _| |_| | | | |____ ____) |  Applied Sciences     
                                   -
    7 00000000         ;* -- |_____|_| |_|______|_____/   8401 Winterthur, Swit
                       zerland     -
    8 00000000         ;* -----------------------------------------------------
                       -------------
    9 00000000         ;* --
   10 00000000         ;* -- Project     : CT1 - Lab 9
   11 00000000         ;* -- Description : Multiplication 32 bit unsigned
   12 00000000         ;* -- 
   13 00000000         ;* -- $Id: $
   14 00000000         ;* -----------------------------------------------------
                       -------------
   15 00000000         
   16 00000000         
   17 00000000         
   18 00000000 00000008 
                       NR_OF_TESTS
                               EQU              8
   19 00000000         
   20 00000000         ; ------------------------------------------------------
                       -------------
   21 00000000         ; -- Code
   22 00000000         ; ------------------------------------------------------
                       -------------
   23 00000000         
   24 00000000                 AREA             myCode, CODE, READONLY
   25 00000000         
   26 00000000                 THUMB
   27 00000000         
   28 00000000         ; ------------------------------------------------------
                       -------------
   29 00000000         ; -- Test
   30 00000000         ; ------------------------------------------------------
                       -------------   
   31 00000000         
   32 00000000         mul_u32 PROC
   33 00000000                 EXPORT           mul_u32
   34 00000000                 IMPORT           display_title
   35 00000000                 IMPORT           tests_32x32
   36 00000000 B50E            PUSH             {R1-R3,LR}
   37 00000002         
   38 00000002 4813            LDR              R0,=title
   39 00000004 F7FF FFFE       BL               display_title
   40 00000008         
   41 00000008 4B12            LDR              R3,=result_table
   42 0000000A 4A13            LDR              R2,=values
   43 0000000C 4913            LDR              R1,=NR_OF_TESTS
   44 0000000E 4814            LDR              R0,=operation



ARM Macro Assembler    Page 2 


   45 00000010 F7FF FFFE       BL               tests_32x32
   46 00000014         
   47 00000014 BD0E            POP              {R1-R3,PC}
   48 00000016                 ENDP
   49 00000016         
   50 00000016         ; ------------------------------------------------------
                       -------------
   51 00000016         ; 32 bit multiplication
   52 00000016         ; - multiplier in R0
   53 00000016         ; - multiplicand in R1
   54 00000016         ; - 64 bit result in R1:R0 (upper:lower)
   55 00000016         ; ------------------------------------------------------
                       -------------
   56 00000016         operation
                               PROC
   57 00000016 B5F0            PUSH             {R4-R7,LR}
   58 00000018         
   59 00000018         ; Instruction: do not use high registers in your code, 
   60 00000018         ; or make sure they contain thier original values
   61 00000018         ; when the function returns
   62 00000018         
   63 00000018         ; R0 = multiplikator
   64 00000018         ; R1 = multiplikant
   65 00000018         ; Resultat: R0 - Lower Word, R1 - Upper word
   66 00000018         ; STUDENTS: To be programmed            
   67 00000018         
   68 00000018 2300            MOVS             R3,#0       ; interResult lower
                                                            
   69 0000001A 2400            MOVS             R4,#0       ; interResult highe
                                                            r
   70 0000001C 2500            MOVS             R5,#0       ; counter
   71 0000001E E002            B                test
   72 00000020         
   73 00000020         loop
   74 00000020 0840            LSRS             R0,R0,#1
   75 00000022 D204            BCS              add_addition
   76 00000024 3501            ADDS             R5,#1       ; increment counter
                                                            
   77 00000026         
   78 00000026         test
   79 00000026 2800            CMP              R0,#0
   80 00000028 D1FA            BNE              loop
   81 0000002A 4618            MOV              R0,R3       ; save result to r0
                                                            
   82 0000002C E00C            B                return
   83 0000002E         
   84 0000002E         add_addition
   85 0000002E F000 F806       BL               get_overshiffed_bits
   86 00000032 460A            MOV              R2,R1
   87 00000034 40AA            LSLS             R2,R2,R5
   88 00000036 189B            ADDS             R3,R2
   89 00000038 417C            ADCS             R4,R7       ; add overshiffted 
                                                            bits with carry fro
                                                            m ADDS of R3,R1
   90 0000003A 3501            ADDS             R5,#1       ; increment counter
                                                            
   91 0000003C E7F3            B                test
   92 0000003E         
   93 0000003E         get_overshiffed_bits



ARM Macro Assembler    Page 3 


   94 0000003E 460F            MOV              R7,R1
   95 00000040 2620            MOVS             R6,#32
   96 00000042 1B76            SUBS             R6,R6,R5    ; subtract counter 
                                                            from 32 bits
   97 00000044 40F7            LSRS             R7,R7,R6    ; overshifted bits 
                                                            in R7
   98 00000046 4770            BX               LR
   99 00000048         
  100 00000048         ;ADDS R4,R4,R7
  101 00000048         
  102 00000048         return
  103 00000048         ; END: To be programmed
  104 00000048 4618            MOV              R0,R3
  105 0000004A 4621            MOV              R1,R4
  106 0000004C BDF0            POP              {R4-R7,PC}  ; return R0
  107 0000004E                 ENDP
  108 0000004E         
  109 0000004E 00 00           ALIGN
  110 00000050         
  111 00000050         ; ------------------------------------------------------
                       -------------
  112 00000050         ; -- Constants
  113 00000050         ; ------------------------------------------------------
                       -------------
  114 00000050 00000000 
              00000000 
              00000000 
              00000008 
              00000000         AREA             myConstants, DATA, READONLY
  115 00000000         
  116 00000000 00000001 
                       values  DCD              0x00000001
  117 00000004 FFFFFFFF        DCD              0xffffffff
  118 00000008 FFFFFFFF 
              00000000         DCQ              0x00000000ffffffff
  119 00000010         
  120 00000010 00001717        DCD              0x00001717
  121 00000014 00004A4A        DCD              0x00004a4a
  122 00000018 06B352A6 
              00000000         DCQ              0x0000000006b352a6
  123 00000020         
  124 00000020 00001717        DCD              0x00001717
  125 00000024 FFFFFFFF        DCD              0xffffffff
  126 00000028 FFFFE8E9 
              00001716         DCQ              0x00001716FFFFE8E9
  127 00000030         
  128 00000030 73A473A4        DCD              0x73a473a4
  129 00000034 4C284C28        DCD              0x4c284c28
  130 00000038 A5A6C1A0 
              2267066D         DCQ              0x2267066da5a6c1a0
  131 00000040         
  132 00000040 43F887CC        DCD              0x43f887cc
  133 00000044 C33E6ABF        DCD              0xc33e6abf
  134 00000048 E60FC934 
              33D6E1F8         DCQ              0x33d6e1f8e60fc934
  135 00000050         
  136 00000050 E372E372        DCD              0xe372e372
  137 00000054 00340234        DCD              0x00340234
  138 00000058 4C451728 



ARM Macro Assembler    Page 4 


              002E354B         DCQ              0x002e354b4c451728
  139 00000060         
  140 00000060 22DDDD22        DCD              0x22dddd22
  141 00000064 BCCCDDDE        DCD              0xbcccddde
  142 00000068 F3641D7C 
              19B6D568         DCQ              0x19b6d568f3641d7c
  143 00000070         
  144 00000070 7FFFFFFF        DCD              0x7fffffff
  145 00000074 7FFFFFFF        DCD              0x7fffffff
  146 00000078 00000001 
              3FFFFFFF         DCQ              0x3fffffff00000001
  147 00000080         
  148 00000080 6D 75 6C 
              5F 75 33 
              32 00    title   DCB              "mul_u32", 0
  149 00000088         
  150 00000088                 ALIGN
  151 00000088         ; ------------------------------------------------------
                       -------------
  152 00000088         ; -- Variables
  153 00000088         ; ------------------------------------------------------
                       -------------
  154 00000088                 AREA             myVars, DATA, READWRITE
  155 00000000         
  156 00000000 00 00 00 
              00 00 00 
              00 00 00 
              00 00 00 
              00 00 00 
              00 00 00 
              00 00 00 
              00 00 00 
              00 00 00 
              00 00 00 
              00 00 00 
              00 00 00 
              00 00 00 
              00 00 00 
              00 00 00 
              00 00 00 
              00 00 00 
              00 00 00 
              00 00 00 
              00 00 00 
              00 00 00 
              00       result_table
                               SPACE            NR_OF_TESTS*8
  157 00000040         
  158 00000040         
  159 00000040         ; ------------------------------------------------------
                       -------------
  160 00000040         ; -- End of file
  161 00000040         ; ------------------------------------------------------
                       -------------                      
  162 00000040                 END
Command Line: --debug --xref --diag_suppress=9931 --cpu=Cortex-M0 --depend=.\bu
ild\mul_u32.d -o.\build\mul_u32.o -I.\RTE\_Target_1 -IC:\Users\badro\AppData\Lo
cal\Arm\Packs\InES\CTBoard14_DFP\4.0.2\Device\Include -IC:\Users\badro\AppData\
Local\Arm\Packs\InES\CTBoard14_DFP\4.0.2\Device\Include\m0 -IC:\Users\badro\App



ARM Macro Assembler    Page 5 


Data\Local\Arm\Packs\InES\CTBoard14_DFP\4.0.2\HAL\Include --predefine="__EVAL S
ETA 1" --predefine="__UVISION_VERSION SETA 537" --predefine="_RTE_ SETA 1" --pr
edefine="_RTE_ SETA 1" --list=.\build\mul_u32.lst app\mul_u32.s



ARM Macro Assembler    Page 1 Alphabetic symbol ordering
Relocatable symbols

add_addition 0000002E

Symbol: add_addition
   Definitions
      At line 84 in file app\mul_u32.s
   Uses
      At line 75 in file app\mul_u32.s
Comment: add_addition used once
get_overshiffed_bits 0000003E

Symbol: get_overshiffed_bits
   Definitions
      At line 93 in file app\mul_u32.s
   Uses
      At line 85 in file app\mul_u32.s
Comment: get_overshiffed_bits used once
loop 00000020

Symbol: loop
   Definitions
      At line 73 in file app\mul_u32.s
   Uses
      At line 80 in file app\mul_u32.s
Comment: loop used once
mul_u32 00000000

Symbol: mul_u32
   Definitions
      At line 32 in file app\mul_u32.s
   Uses
      At line 33 in file app\mul_u32.s
Comment: mul_u32 used once
myCode 00000000

Symbol: myCode
   Definitions
      At line 24 in file app\mul_u32.s
   Uses
      None
Comment: myCode unused
operation 00000016

Symbol: operation
   Definitions
      At line 56 in file app\mul_u32.s
   Uses
      At line 44 in file app\mul_u32.s
Comment: operation used once
return 00000048

Symbol: return
   Definitions
      At line 102 in file app\mul_u32.s
   Uses
      At line 82 in file app\mul_u32.s
Comment: return used once
test 00000026

Symbol: test



ARM Macro Assembler    Page 2 Alphabetic symbol ordering
Relocatable symbols

   Definitions
      At line 78 in file app\mul_u32.s
   Uses
      At line 71 in file app\mul_u32.s
      At line 91 in file app\mul_u32.s

8 symbols



ARM Macro Assembler    Page 1 Alphabetic symbol ordering
Relocatable symbols

myConstants 00000000

Symbol: myConstants
   Definitions
      At line 114 in file app\mul_u32.s
   Uses
      None
Comment: myConstants unused
title 00000080

Symbol: title
   Definitions
      At line 148 in file app\mul_u32.s
   Uses
      At line 38 in file app\mul_u32.s
Comment: title used once
values 00000000

Symbol: values
   Definitions
      At line 116 in file app\mul_u32.s
   Uses
      At line 42 in file app\mul_u32.s
Comment: values used once
3 symbols



ARM Macro Assembler    Page 1 Alphabetic symbol ordering
Relocatable symbols

myVars 00000000

Symbol: myVars
   Definitions
      At line 154 in file app\mul_u32.s
   Uses
      None
Comment: myVars unused
result_table 00000000

Symbol: result_table
   Definitions
      At line 156 in file app\mul_u32.s
   Uses
      At line 41 in file app\mul_u32.s
Comment: result_table used once
2 symbols



ARM Macro Assembler    Page 1 Alphabetic symbol ordering
Absolute symbols

NR_OF_TESTS 00000008

Symbol: NR_OF_TESTS
   Definitions
      At line 18 in file app\mul_u32.s
   Uses
      At line 43 in file app\mul_u32.s
      At line 156 in file app\mul_u32.s

1 symbol



ARM Macro Assembler    Page 1 Alphabetic symbol ordering
External symbols

display_title 00000000

Symbol: display_title
   Definitions
      At line 34 in file app\mul_u32.s
   Uses
      At line 39 in file app\mul_u32.s
Comment: display_title used once
tests_32x32 00000000

Symbol: tests_32x32
   Definitions
      At line 35 in file app\mul_u32.s
   Uses
      At line 45 in file app\mul_u32.s
Comment: tests_32x32 used once
2 symbols
351 symbols in table
