


ARM Macro Assembler    Page 1 


    1 00000000         ;* -----------------------------------------------------
                       -------------
    2 00000000         ;* --  _____       ______  _____                        
                                   -
    3 00000000         ;* -- |_   _|     |  ____|/ ____|                       
                                   -
    4 00000000         ;* --   | |  _ __ | |__  | (___    Institute of Embedded
                        Systems    -
    5 00000000         ;* --   | | | '_ \|  __|  \___ \   Zurich University of 
                                   -
    6 00000000         ;* --  _| |_| | | | |____ ____) |  Applied Sciences     
                                   -
    7 00000000         ;* -- |_____|_| |_|______|_____/   8401 Winterthur, Swit
                       zerland     -
    8 00000000         ;* -----------------------------------------------------
                       -------------
    9 00000000         ;* --
   10 00000000         ;* -- Project     : CT1 - Lab 9
   11 00000000         ;* -- Description : Multiplication 16 bit unsigned
   12 00000000         ;* -- 
   13 00000000         ;* -- $Id: $
   14 00000000         ;* -----------------------------------------------------
                       -------------
   15 00000000         
   16 00000000         
   17 00000000 00000008 
                       NR_OF_TESTS
                               EQU              8
   18 00000000         
   19 00000000         ; ------------------------------------------------------
                       -------------
   20 00000000         ; -- Code
   21 00000000         ; ------------------------------------------------------
                       -------------
   22 00000000                 AREA             myCode, CODE, READONLY
   23 00000000                 THUMB
   24 00000000         
   25 00000000         mul_s16 PROC
   26 00000000                 EXPORT           mul_s16
   27 00000000                 IMPORT           display_title
   28 00000000                 IMPORT           tests_16x16
   29 00000000         
   30 00000000 B50E            PUSH             {R1-R3,LR}
   31 00000002         
   32 00000002 480C            LDR              R0,=title
   33 00000004 F7FF FFFE       BL               display_title
   34 00000008         
   35 00000008 4B0B            LDR              R3,=result_table
   36 0000000A 4A0C            LDR              R2,=values
   37 0000000C 490C            LDR              R1,=NR_OF_TESTS
   38 0000000E 480D            LDR              R0,=operation
   39 00000010 F7FF FFFE       BL               tests_16x16
   40 00000014         
   41 00000014 BD0E            POP              {R1-R3,PC}
   42 00000016                 ENDP
   43 00000016         
   44 00000016         ; ------------------------------------------------------
                       -------------
   45 00000016         ; 16 bit multiplication



ARM Macro Assembler    Page 2 


   46 00000016         ; - multiplier in R0
   47 00000016         ; - multiplicand in R1
   48 00000016         ; - 32 bit result in R0
   49 00000016         ; ------------------------------------------------------
                       -------------
   50 00000016         operation
                               PROC
   51 00000016 B5F0            PUSH             {R4-R7,LR}
   52 00000018         
   53 00000018         ; Instruction: do not use high registers in your code, 
   54 00000018         ; or make sure they contain thier original values
   55 00000018         ; when the function returns
   56 00000018         
   57 00000018         ; R0 = multiplikator
   58 00000018         ; R1 = multiplikant
   59 00000018         ; STUDENTS: To be programmed                        
   60 00000018         
   61 00000018 B200            SXTH             R0,R0       ; sign extension
   62 0000001A B209            SXTH             R1,R1       ; sign extension
   63 0000001C 2300            MOVS             R3, #0      ; interResult
   64 0000001E E002            B                test
   65 00000020         
   66 00000020         loop
   67 00000020 0840            LSRS             R0,R0,#1
   68 00000022 D204            BCS              add_addition
   69 00000024         
   70 00000024         left_shift_r1
   71 00000024 0049            LSLS             R1,R1,#1
   72 00000026         
   73 00000026         test
   74 00000026 2800            CMP              R0,#0
   75 00000028 D1FA            BNE              loop
   76 0000002A 4618            MOV              R0,R3       ; save result to r0
                                                            
   77 0000002C E001            B                return
   78 0000002E         add_addition
   79 0000002E 185B            ADDS             R3,R1
   80 00000030 E7F8            B                left_shift_r1
   81 00000032         
   82 00000032         return
   83 00000032         ; END: To be programmed
   84 00000032         
   85 00000032 BDF0            POP              {R4-R7,PC}  ; return R0
   86 00000034                 ENDP
   87 00000034         
   88 00000034                 ALIGN
   89 00000034         
   90 00000034         ; ------------------------------------------------------
                       -------------
   91 00000034         ; -- Constants
   92 00000034         ; ------------------------------------------------------
                       -------------
   93 00000034 00000000 
              00000000 
              00000000 
              00000008 
              00000000         AREA             myConstants, DATA, READONLY
   94 00000000         
   95 00000000 01 00   values  DCW              0x0001



ARM Macro Assembler    Page 3 


   96 00000002 FF FF           DCW              0xffff
   97 00000004 FFFFFFFF        DCD              0xffffffff
   98 00000008         
   99 00000008 17 00           DCW              0x0017
  100 0000000A 4A 00           DCW              0x004a
  101 0000000C 000006A6        DCD              0x000006a6
  102 00000010         
  103 00000010 FF FF           DCW              0xffff
  104 00000012 FF FF           DCW              0xffff
  105 00000014 00000001        DCD              0x00000001
  106 00000018         
  107 00000018 A4 73           DCW              0x73a4
  108 0000001A 28 4C           DCW              0x4c28
  109 0000001C 2266C1A0        DCD              0x2266c1a0
  110 00000020         
  111 00000020 CC 43           DCW              0x43cc
  112 00000022 BF C3           DCW              0xc3bf
  113 00000024 F00AF934        DCD              0xf00af934
  114 00000028         
  115 00000028 72 E3           DCW              0xe372
  116 0000002A 34 02           DCW              0x0234
  117 0000002C FFC11728        DCD              0xffc11728
  118 00000030         
  119 00000030 22 DD           DCW              0xdd22
  120 00000032 DE BC           DCW              0xbcde
  121 00000034 0924BB7C        DCD              0x0924bb7c
  122 00000038         
  123 00000038 FF 7F           DCW              0x7fff
  124 0000003A FF 7F           DCW              0x7fff
  125 0000003C 3FFF0001        DCD              0x3fff0001
  126 00000040         
  127 00000040 6D 75 6C 
              5F 73 31 
              36 00    title   DCB              "mul_s16", 0
  128 00000048         
  129 00000048                 ALIGN
  130 00000048         
  131 00000048         ; ------------------------------------------------------
                       -------------
  132 00000048         ; -- Variables
  133 00000048         ; ------------------------------------------------------
                       -------------
  134 00000048                 AREA             myVars, DATA, READWRITE
  135 00000000         
  136 00000000 00 00 00 
              00 00 00 
              00 00 00 
              00 00 00 
              00 00 00 
              00 00 00 
              00 00 00 
              00 00 00 
              00 00 00 
              00 00 00 
              00 00    result_table
                               SPACE            NR_OF_TESTS*4
  137 00000020         
  138 00000020                 ALIGN
  139 00000020         



ARM Macro Assembler    Page 4 


  140 00000020         ; ------------------------------------------------------
                       -------------
  141 00000020         ; -- End of file
  142 00000020         ; ------------------------------------------------------
                       -------------                      
  143 00000020                 END
Command Line: --debug --xref --diag_suppress=9931 --cpu=Cortex-M0 --depend=.\bu
ild\mul_s16.d -o.\build\mul_s16.o -I.\RTE\_Target_1 -IC:\Users\badro\AppData\Lo
cal\Arm\Packs\InES\CTBoard14_DFP\4.0.2\Device\Include -IC:\Users\badro\AppData\
Local\Arm\Packs\InES\CTBoard14_DFP\4.0.2\Device\Include\m0 -IC:\Users\badro\App
Data\Local\Arm\Packs\InES\CTBoard14_DFP\4.0.2\HAL\Include --predefine="__EVAL S
ETA 1" --predefine="__UVISION_VERSION SETA 537" --predefine="_RTE_ SETA 1" --pr
edefine="_RTE_ SETA 1" --list=.\build\mul_s16.lst app\mul_s16.s



ARM Macro Assembler    Page 1 Alphabetic symbol ordering
Relocatable symbols

add_addition 0000002E

Symbol: add_addition
   Definitions
      At line 78 in file app\mul_s16.s
   Uses
      At line 68 in file app\mul_s16.s
Comment: add_addition used once
left_shift_r1 00000024

Symbol: left_shift_r1
   Definitions
      At line 70 in file app\mul_s16.s
   Uses
      At line 80 in file app\mul_s16.s
Comment: left_shift_r1 used once
loop 00000020

Symbol: loop
   Definitions
      At line 66 in file app\mul_s16.s
   Uses
      At line 75 in file app\mul_s16.s
Comment: loop used once
mul_s16 00000000

Symbol: mul_s16
   Definitions
      At line 25 in file app\mul_s16.s
   Uses
      At line 26 in file app\mul_s16.s
Comment: mul_s16 used once
myCode 00000000

Symbol: myCode
   Definitions
      At line 22 in file app\mul_s16.s
   Uses
      None
Comment: myCode unused
operation 00000016

Symbol: operation
   Definitions
      At line 50 in file app\mul_s16.s
   Uses
      At line 38 in file app\mul_s16.s
Comment: operation used once
return 00000032

Symbol: return
   Definitions
      At line 82 in file app\mul_s16.s
   Uses
      At line 77 in file app\mul_s16.s
Comment: return used once
test 00000026

Symbol: test



ARM Macro Assembler    Page 2 Alphabetic symbol ordering
Relocatable symbols

   Definitions
      At line 73 in file app\mul_s16.s
   Uses
      At line 64 in file app\mul_s16.s
Comment: test used once
8 symbols



ARM Macro Assembler    Page 1 Alphabetic symbol ordering
Relocatable symbols

myConstants 00000000

Symbol: myConstants
   Definitions
      At line 93 in file app\mul_s16.s
   Uses
      None
Comment: myConstants unused
title 00000040

Symbol: title
   Definitions
      At line 127 in file app\mul_s16.s
   Uses
      At line 32 in file app\mul_s16.s
Comment: title used once
values 00000000

Symbol: values
   Definitions
      At line 95 in file app\mul_s16.s
   Uses
      At line 36 in file app\mul_s16.s
Comment: values used once
3 symbols



ARM Macro Assembler    Page 1 Alphabetic symbol ordering
Relocatable symbols

myVars 00000000

Symbol: myVars
   Definitions
      At line 134 in file app\mul_s16.s
   Uses
      None
Comment: myVars unused
result_table 00000000

Symbol: result_table
   Definitions
      At line 136 in file app\mul_s16.s
   Uses
      At line 35 in file app\mul_s16.s
Comment: result_table used once
2 symbols



ARM Macro Assembler    Page 1 Alphabetic symbol ordering
Absolute symbols

NR_OF_TESTS 00000008

Symbol: NR_OF_TESTS
   Definitions
      At line 17 in file app\mul_s16.s
   Uses
      At line 37 in file app\mul_s16.s
      At line 136 in file app\mul_s16.s

1 symbol



ARM Macro Assembler    Page 1 Alphabetic symbol ordering
External symbols

display_title 00000000

Symbol: display_title
   Definitions
      At line 27 in file app\mul_s16.s
   Uses
      At line 33 in file app\mul_s16.s
Comment: display_title used once
tests_16x16 00000000

Symbol: tests_16x16
   Definitions
      At line 28 in file app\mul_s16.s
   Uses
      At line 39 in file app\mul_s16.s
Comment: tests_16x16 used once
2 symbols
351 symbols in table
