


ARM Macro Assembler    Page 1 


    1 00000000         ;* -----------------------------------------------------
                       -------------
    2 00000000         ;* --  _____       ______  _____                        
                                   -
    3 00000000         ;* -- |_   _|     |  ____|/ ____|                       
                                   -
    4 00000000         ;* --   | |  _ __ | |__  | (___    Institute of Embedded
                        Systems    -
    5 00000000         ;* --   | | | '_ \|  __|  \___ \   Zurich University of 
                                   -
    6 00000000         ;* --  _| |_| | | | |____ ____) |  Applied Sciences     
                                   -
    7 00000000         ;* -- |_____|_| |_|______|_____/   8401 Winterthur, Swit
                       zerland     -
    8 00000000         ;* -----------------------------------------------------
                       -------------
    9 00000000         ;* --
   10 00000000         ;* -- Project     : CT1 - Lab 9
   11 00000000         ;* -- Description : Multiplication 16 bit unsigned
   12 00000000         ;* -- 
   13 00000000         ;* -- $Id: $
   14 00000000         ;* -----------------------------------------------------
                       -------------
   15 00000000         
   16 00000000         
   17 00000000 00000008 
                       NR_OF_TESTS
                               EQU              8
   18 00000000         
   19 00000000         ; ------------------------------------------------------
                       -------------
   20 00000000         ; -- Code
   21 00000000         ; ------------------------------------------------------
                       -------------
   22 00000000                 AREA             myCode, CODE, READONLY
   23 00000000                 THUMB
   24 00000000         
   25 00000000         mul_u16 PROC
   26 00000000                 EXPORT           mul_u16
   27 00000000                 IMPORT           display_title
   28 00000000                 IMPORT           tests_16x16
   29 00000000         
   30 00000000 B50E            PUSH             {R1-R3,LR}
   31 00000002         
   32 00000002 480D            LDR              R0,=title
   33 00000004 F7FF FFFE       BL               display_title
   34 00000008         
   35 00000008 4B0C            LDR              R3,=result_table
   36 0000000A 4A0D            LDR              R2,=values
   37 0000000C 490D            LDR              R1,=NR_OF_TESTS
   38 0000000E 480E            LDR              R0,=operation
   39 00000010 F7FF FFFE       BL               tests_16x16
   40 00000014         
   41 00000014 BD0E            POP              {R1-R3,PC}
   42 00000016                 ENDP
   43 00000016         
   44 00000016         ; ------------------------------------------------------
                       -------------
   45 00000016         ; 16 bit multiplication



ARM Macro Assembler    Page 2 


   46 00000016         ; - multiplier in R0
   47 00000016         ; - multiplicand in R1
   48 00000016         ; - 32 bit result in R0
   49 00000016         ; ------------------------------------------------------
                       -------------
   50 00000016         operation
                               PROC
   51 00000016         
   52 00000016 B5F0            PUSH             {R4-R7,LR}
   53 00000018         ; Instruction: do not use high registers in your code, 
   54 00000018         ; or make sure they contain thier original values
   55 00000018         ; when the function returns
   56 00000018         
   57 00000018         ; STUDENTS: To be programmed                        
   58 00000018 0002            MOVS             R2, R0
   59 0000001A 480C            LDR              R0, =0x00000000
   60 0000001C 4F0C            LDR              R7, =0xFFFFFFFE
   61 0000001E         
   62 0000001E 2A00    loopMul CMP              R2, #0
   63 00000020 D100            BNE              addLoop
   64 00000022 E008            B                end
   65 00000024 0013    addLoop MOVS             R3, R2
   66 00000026 43BB            BICS             R3, R3, R7
   67 00000028         
   68 00000028 2B01            CMP              R3, #1
   69 0000002A D002            BEQ              addToR0
   70 0000002C 0852    shifting
                               LSRS             R2, R2, #1
   71 0000002E 0049            LSLS             R1, R1, #1
   72 00000030 E7F5            B                loopMul
   73 00000032         
   74 00000032 1840    addToR0 ADDS             R0, R0, R1
   75 00000034 E7FA            B                shifting
   76 00000036         
   77 00000036         end
   78 00000036         ; END: To be programmed
   79 00000036         
   80 00000036 BDF0            POP              {R4-R7,PC}  ; return R0
   81 00000038                 ENDP
   82 00000038         
   83 00000038                 ALIGN
   84 00000038         
   85 00000038         ; ------------------------------------------------------
                       -------------
   86 00000038         ; -- Constants
   87 00000038         ; ------------------------------------------------------
                       -------------
   88 00000038 00000000 
              00000000 
              00000000 
              00000008 
              00000000 
              00000000 
              FFFFFFFE         AREA             myConstants, DATA, READONLY
   89 00000000         
   90 00000000 01 00   values  DCW              0x0001
   91 00000002 FF FF           DCW              0xffff
   92 00000004 0000FFFF        DCD              0x0000ffff
   93 00000008         



ARM Macro Assembler    Page 3 


   94 00000008 17 00           DCW              0x0017
   95 0000000A 4A 00           DCW              0x004a
   96 0000000C 000006A6        DCD              0x000006a6
   97 00000010         
   98 00000010 FF FF           DCW              0xffff
   99 00000012 FF FF           DCW              0xffff
  100 00000014 FFFE0001        DCD              0xfffe0001
  101 00000018         
  102 00000018 A4 73           DCW              0x73a4
  103 0000001A 28 4C           DCW              0x4c28
  104 0000001C 2266C1A0        DCD              0x2266c1a0
  105 00000020         
  106 00000020 CC 43           DCW              0x43cc
  107 00000022 BF C3           DCW              0xc3bf
  108 00000024 33D6F934        DCD              0x33d6f934
  109 00000028         
  110 00000028 72 E3           DCW              0xe372
  111 0000002A 34 02           DCW              0x0234
  112 0000002C 01F51728        DCD              0x01f51728
  113 00000030         
  114 00000030 22 DD           DCW              0xdd22
  115 00000032 DE BC           DCW              0xbcde
  116 00000034 A324BB7C        DCD              0xa324bb7c
  117 00000038         
  118 00000038 FF 7F           DCW              0x7fff
  119 0000003A FF 7F           DCW              0x7fff
  120 0000003C 3FFF0001        DCD              0x3fff0001
  121 00000040         
  122 00000040 6D 75 6C 
              5F 75 31 
              36 00    title   DCB              "mul_u16", 0
  123 00000048         
  124 00000048                 ALIGN
  125 00000048         
  126 00000048         ; ------------------------------------------------------
                       -------------
  127 00000048         ; -- Variables
  128 00000048         ; ------------------------------------------------------
                       -------------
  129 00000048                 AREA             myVars, DATA, READWRITE
  130 00000000         
  131 00000000 00 00 00 
              00 00 00 
              00 00 00 
              00 00 00 
              00 00 00 
              00 00 00 
              00 00 00 
              00 00 00 
              00 00 00 
              00 00 00 
              00 00    result_table
                               SPACE            NR_OF_TESTS*4
  132 00000020         
  133 00000020                 ALIGN
  134 00000020         
  135 00000020         ; ------------------------------------------------------
                       -------------
  136 00000020         ; -- End of file



ARM Macro Assembler    Page 4 


  137 00000020         ; ------------------------------------------------------
                       -------------                      
  138 00000020                 END
Command Line: --debug --xref --diag_suppress=9931 --cpu=Cortex-M0 --depend=.\bu
ild\mul_u16.d -o.\build\mul_u16.o -I.\RTE\_Target_1 -IC:\Users\badro\AppData\Lo
cal\Arm\Packs\InES\CTBoard14_DFP\4.0.2\Device\Include -IC:\Users\badro\AppData\
Local\Arm\Packs\InES\CTBoard14_DFP\4.0.2\Device\Include\m0 -IC:\Users\badro\App
Data\Local\Arm\Packs\InES\CTBoard14_DFP\4.0.2\HAL\Include --predefine="__EVAL S
ETA 1" --predefine="__UVISION_VERSION SETA 537" --predefine="_RTE_ SETA 1" --pr
edefine="_RTE_ SETA 1" --list=.\build\mul_u16.lst app\mul_u16.s



ARM Macro Assembler    Page 1 Alphabetic symbol ordering
Relocatable symbols

addLoop 00000024

Symbol: addLoop
   Definitions
      At line 65 in file app\mul_u16.s
   Uses
      At line 63 in file app\mul_u16.s
Comment: addLoop used once
addToR0 00000032

Symbol: addToR0
   Definitions
      At line 74 in file app\mul_u16.s
   Uses
      At line 69 in file app\mul_u16.s
Comment: addToR0 used once
end 00000036

Symbol: end
   Definitions
      At line 77 in file app\mul_u16.s
   Uses
      At line 64 in file app\mul_u16.s
Comment: end used once
loopMul 0000001E

Symbol: loopMul
   Definitions
      At line 62 in file app\mul_u16.s
   Uses
      At line 72 in file app\mul_u16.s
Comment: loopMul used once
mul_u16 00000000

Symbol: mul_u16
   Definitions
      At line 25 in file app\mul_u16.s
   Uses
      At line 26 in file app\mul_u16.s
Comment: mul_u16 used once
myCode 00000000

Symbol: myCode
   Definitions
      At line 22 in file app\mul_u16.s
   Uses
      None
Comment: myCode unused
operation 00000016

Symbol: operation
   Definitions
      At line 50 in file app\mul_u16.s
   Uses
      At line 38 in file app\mul_u16.s
Comment: operation used once
shifting 0000002C

Symbol: shifting



ARM Macro Assembler    Page 2 Alphabetic symbol ordering
Relocatable symbols

   Definitions
      At line 70 in file app\mul_u16.s
   Uses
      At line 75 in file app\mul_u16.s
Comment: shifting used once
8 symbols



ARM Macro Assembler    Page 1 Alphabetic symbol ordering
Relocatable symbols

myConstants 00000000

Symbol: myConstants
   Definitions
      At line 88 in file app\mul_u16.s
   Uses
      None
Comment: myConstants unused
title 00000040

Symbol: title
   Definitions
      At line 122 in file app\mul_u16.s
   Uses
      At line 32 in file app\mul_u16.s
Comment: title used once
values 00000000

Symbol: values
   Definitions
      At line 90 in file app\mul_u16.s
   Uses
      At line 36 in file app\mul_u16.s
Comment: values used once
3 symbols



ARM Macro Assembler    Page 1 Alphabetic symbol ordering
Relocatable symbols

myVars 00000000

Symbol: myVars
   Definitions
      At line 129 in file app\mul_u16.s
   Uses
      None
Comment: myVars unused
result_table 00000000

Symbol: result_table
   Definitions
      At line 131 in file app\mul_u16.s
   Uses
      At line 35 in file app\mul_u16.s
Comment: result_table used once
2 symbols



ARM Macro Assembler    Page 1 Alphabetic symbol ordering
Absolute symbols

NR_OF_TESTS 00000008

Symbol: NR_OF_TESTS
   Definitions
      At line 17 in file app\mul_u16.s
   Uses
      At line 37 in file app\mul_u16.s
      At line 131 in file app\mul_u16.s

1 symbol



ARM Macro Assembler    Page 1 Alphabetic symbol ordering
External symbols

display_title 00000000

Symbol: display_title
   Definitions
      At line 27 in file app\mul_u16.s
   Uses
      At line 33 in file app\mul_u16.s
Comment: display_title used once
tests_16x16 00000000

Symbol: tests_16x16
   Definitions
      At line 28 in file app\mul_u16.s
   Uses
      At line 39 in file app\mul_u16.s
Comment: tests_16x16 used once
2 symbols
351 symbols in table
