


ARM Macro Assembler    Page 1 


    1 00000000         ; ------------------------------------------------------
                       ------------
    2 00000000         ; --  _____       ______  _____                         
                                  -
    3 00000000         ; -- |_   _|     |  ____|/ ____|                        
                                  -
    4 00000000         ; --   | |  _ __ | |__  | (___    Institute of Embedded 
                       Systems    -
    5 00000000         ; --   | | | '_ \|  __|  \___ \   Zurich University of  
                                  -
    6 00000000         ; --  _| |_| | | | |____ ____) |  Applied Sciences      
                                  -
    7 00000000         ; -- |_____|_| |_|______|_____/   8401 Winterthur, Switz
                       erland     -
    8 00000000         ; ------------------------------------------------------
                       ------------
    9 00000000         ; ------------------------------------------------------
                       ------------
   10 00000000         ;Directives
   11 00000000                 PRESERVE8
   12 00000000                 THUMB
   13 00000000         
   14 00000000         ; ------------------------------------------------------
                       ------------
   15 00000000         ; -- Symbolic Literals
   16 00000000         ; ------------------------------------------------------
                       ------------
   17 00000000 60000200 
                       ADDR_DIP_SWITCH_31_0
                               EQU              0x60000200
   18 00000000 60000210 
                       ADDR_BUTTONS
                               EQU              0x60000210
   19 00000000 60000340 
                       ADDR_LCD_RED
                               EQU              0x60000340
   20 00000000 60000342 
                       ADDR_LCD_GREEN
                               EQU              0x60000342
   21 00000000 60000344 
                       ADDR_LCD_BLUE
                               EQU              0x60000344
   22 00000000 60000330 
                       ADDR_LCD_BIN
                               EQU              0x60000330
   23 00000000 00000001 
                       MASK_KEY_T0
                               EQU              0x00000001
   24 00000000 0000FFFF 
                       BACKLIGHT_FULL
                               EQU              0xffff
   25 00000000 12345678 
                       MY_VAR  EQU              0x12345678
   26 00000000 87654321 
                       MY_VAR2 EQU              0x87654321
   27 00000000         
   28 00000000         ; ------------------------------------------------------
                       ------------
   29 00000000         ; -- myCode



ARM Macro Assembler    Page 2 


   30 00000000         ; ------------------------------------------------------
                       ------------
   31 00000000                 AREA             MyCode, CODE, READONLY
   32 00000000         
   33 00000000         main    PROC
   34 00000000                 EXPORT           main
   35 00000000         
   36 00000000         user_prog
   37 00000000         
   38 00000000         ;    LDR R7, =MY_VAR
   39 00000000         ;    LSLS R7, R7, #0
   40 00000000         
   41 00000000 4E01            LDR              R6, =MY_VAR2
   42 00000002 07F6            LSLS             R6, R6, #31
   43 00000004         
   44 00000004 E7FC            B                user_prog
   45 00000006 00 00           ALIGN
   46 00000008         
   47 00000008         
   48 00000008         ;----------------------------------------------------
   49 00000008         ; Subroutines
   50 00000008         ;----------------------------------------------------
   51 00000008         
   52 00000008         ; wait for key to be pressed and released
   53 00000008         
   54 00000008         ; ------------------------------------------------------
                       ------------
   55 00000008         ; End of code
   56 00000008         ; ------------------------------------------------------
                       ------------
   57 00000008                 ENDP
   58 00000008                 END
              87654321 
Command Line: --debug --xref --diag_suppress=9931 --cpu=Cortex-M0 --depend=.\bu
ild\add64.d -o.\build\add64.o -I.\RTE\_Target_1 -IC:\Users\armandoshala\AppData
\Local\Arm\Packs\InES\CTBoard14_DFP\4.0.2\Device\Include -IC:\Users\armandoshal
a\AppData\Local\Arm\Packs\InES\CTBoard14_DFP\4.0.2\Device\Include\m0 -IC:\Users
\armandoshala\AppData\Local\Arm\Packs\InES\CTBoard14_DFP\4.0.2\HAL\Include --pr
edefine="__EVAL SETA 1" --predefine="__UVISION_VERSION SETA 537" --predefine="_
RTE_ SETA 1" --predefine="_RTE_ SETA 1" --list=.\build\add64.lst app\add64.s



ARM Macro Assembler    Page 1 Alphabetic symbol ordering
Relocatable symbols

MyCode 00000000

Symbol: MyCode
   Definitions
      At line 31 in file app\add64.s
   Uses
      None
Comment: MyCode unused
main 00000000

Symbol: main
   Definitions
      At line 33 in file app\add64.s
   Uses
      At line 34 in file app\add64.s
Comment: main used once
user_prog 00000000

Symbol: user_prog
   Definitions
      At line 36 in file app\add64.s
   Uses
      At line 44 in file app\add64.s
Comment: user_prog used once
3 symbols



ARM Macro Assembler    Page 1 Alphabetic symbol ordering
Absolute symbols

ADDR_BUTTONS 60000210

Symbol: ADDR_BUTTONS
   Definitions
      At line 18 in file app\add64.s
   Uses
      None
Comment: ADDR_BUTTONS unused
ADDR_DIP_SWITCH_31_0 60000200

Symbol: ADDR_DIP_SWITCH_31_0
   Definitions
      At line 17 in file app\add64.s
   Uses
      None
Comment: ADDR_DIP_SWITCH_31_0 unused
ADDR_LCD_BIN 60000330

Symbol: ADDR_LCD_BIN
   Definitions
      At line 22 in file app\add64.s
   Uses
      None
Comment: ADDR_LCD_BIN unused
ADDR_LCD_BLUE 60000344

Symbol: ADDR_LCD_BLUE
   Definitions
      At line 21 in file app\add64.s
   Uses
      None
Comment: ADDR_LCD_BLUE unused
ADDR_LCD_GREEN 60000342

Symbol: ADDR_LCD_GREEN
   Definitions
      At line 20 in file app\add64.s
   Uses
      None
Comment: ADDR_LCD_GREEN unused
ADDR_LCD_RED 60000340

Symbol: ADDR_LCD_RED
   Definitions
      At line 19 in file app\add64.s
   Uses
      None
Comment: ADDR_LCD_RED unused
BACKLIGHT_FULL 0000FFFF

Symbol: BACKLIGHT_FULL
   Definitions
      At line 24 in file app\add64.s
   Uses
      None
Comment: BACKLIGHT_FULL unused
MASK_KEY_T0 00000001

Symbol: MASK_KEY_T0



ARM Macro Assembler    Page 2 Alphabetic symbol ordering
Absolute symbols

   Definitions
      At line 23 in file app\add64.s
   Uses
      None
Comment: MASK_KEY_T0 unused
MY_VAR 12345678

Symbol: MY_VAR
   Definitions
      At line 25 in file app\add64.s
   Uses
      None
Comment: MY_VAR unused
MY_VAR2 87654321

Symbol: MY_VAR2
   Definitions
      At line 26 in file app\add64.s
   Uses
      At line 41 in file app\add64.s
Comment: MY_VAR2 used once
10 symbols
348 symbols in table
