


ARM Macro Assembler    Page 1 


    1 00000000         ;* -----------------------------------------------------
                       -------------
    2 00000000         ;* --  _____       ______  _____                        
                                   -
    3 00000000         ;* -- |_   _|     |  ____|/ ____|                       
                                   -
    4 00000000         ;* --   | |  _ __ | |__  | (___    Institute of Embedded
                        Systems    -
    5 00000000         ;* --   | | | '_ \|  __|  \___ \   Zurich University of 
                                   -
    6 00000000         ;* --  _| |_| | | | |____ ____) |  Applied Sciences     
                                   -
    7 00000000         ;* -- |_____|_| |_|______|_____/   8401 Winterthur, Swit
                       zerland     -
    8 00000000         ;* -----------------------------------------------------
                       -------------
    9 00000000         ;* --
   10 00000000         ;* -- Project     : CT1 - Lab 10
   11 00000000         ;* -- Description : Search Max
   12 00000000         ;* -- 
   13 00000000         ;* -- $Id: search_max.s 879 2014-10-24 09:00:00Z muln $
   14 00000000         ;* -----------------------------------------------------
                       -------------
   15 00000000         
   16 00000000         
   17 00000000         ; ------------------------------------------------------
                       -------------
   18 00000000         ; -- Constants
   19 00000000         ; ------------------------------------------------------
                       -------------
   20 00000000                 AREA             myCode, CODE, READONLY
   21 00000000                 THUMB
   22 00000000         
   23 00000000         ; STUDENTS: To be programmed
   24 00000000         
   25 00000000         
   26 00000000         
   27 00000000         
   28 00000000         ; END: To be programmed
   29 00000000         ; ------------------------------------------------------
                       -------------                    
   30 00000000         ; Searchmax
   31 00000000         ; - tableaddress in R0
   32 00000000         ; - table length in R1
   33 00000000         ; - result returned in R0
   34 00000000         ; ------------------------------------------------------
                       -------------   
   35 00000000         search_max
                               PROC
   36 00000000                 EXPORT           search_max
   37 00000000         
   38 00000000         ; STUDENTS: To be programmed
   39 00000000         ;Compare if Table is empty
   40 00000000 B5F0            PUSH{R4,         R5, R6, R7, LR}
   41 00000002 2200            MOVS             R2, #0
   42 00000004 428A            CMP              R2, R1
   43 00000006 D004            BEQ              no_table
   44 00000008         
   45 00000008         ;R2 counter value, R3 Adress of Table, R4 table val, R0 



ARM Macro Assembler    Page 2 


                       biggest val
   46 00000008 0003            MOVS             R3, R0
   47 0000000A 6818            LDR              R0, [R3]
   48 0000000C F000 F803       BL               search_maxi
   49 00000010         
   50 00000010 BDF0            POP{R4,          R5, R6, R7, PC}
   51 00000012         
   52 00000012 4808    no_table
                               LDR              R0, =0x80000000
   53 00000014 BDF0            POP{R4,          R5, R6, R7, PC}
   54 00000016         
   55 00000016 B500    search_maxi
                               PUSH{LR}
   56 00000018 4D07            LDR              R5, =0x00
   57 0000001A E7FF            B                loop
   58 0000001C         
   59 0000001C 4291    loop    CMP              R1, R2
   60 0000001E D800            BHI              comapre_table
   61 00000020 BD00            POP{PC}
   62 00000022         ; Compare counter, if lower, search next table adress el
                       se go to end
   63 00000022         
   64 00000022 595C    comapre_table
                               LDR              R4, [R3, R5]
   65 00000024 3504            ADDS             R5, #4      ; Increase offset
   66 00000026 3201            ADDS             R2, #1      ;Increase counter
   67 00000028 4284            CMP              R4, R0
   68 0000002A DC00            BGT              is_bigger
   69 0000002C E7F6            B                loop
   70 0000002E         
   71 0000002E 0020    is_bigger
                               MOVS             R0, R4
   72 00000030 E7F4            B                loop
   73 00000032         
   74 00000032         
   75 00000032         ; END: To be programmed
   76 00000032 00 00           ALIGN
   77 00000034                 ENDP
   78 00000034         ; ------------------------------------------------------
                       -------------
   79 00000034         ; -- End of file
   80 00000034         ; ------------------------------------------------------
                       -------------                      
   81 00000034                 END
              80000000 
              00000000 
Command Line: --debug --xref --diag_suppress=9931 --cpu=Cortex-M0 --depend=.\bu
ild\search_max.d -o.\build\search_max.o -I.\RTE\_Target_1 -IC:\Users\badro\AppD
ata\Local\Arm\Packs\InES\CTBoard14_DFP\4.0.2\Device\Include -IC:\Users\badro\Ap
pData\Local\Arm\Packs\InES\CTBoard14_DFP\4.0.2\Device\Include\m0 -IC:\Users\bad
ro\AppData\Local\Arm\Packs\InES\CTBoard14_DFP\4.0.2\HAL\Include --predefine="__
EVAL SETA 1" --predefine="__UVISION_VERSION SETA 537" --predefine="_RTE_ SETA 1
" --predefine="_RTE_ SETA 1" --list=.\build\search_max.lst app\search_max.s



ARM Macro Assembler    Page 1 Alphabetic symbol ordering
Relocatable symbols

comapre_table 00000022

Symbol: comapre_table
   Definitions
      At line 64 in file app\search_max.s
   Uses
      At line 60 in file app\search_max.s
Comment: comapre_table used once
is_bigger 0000002E

Symbol: is_bigger
   Definitions
      At line 71 in file app\search_max.s
   Uses
      At line 68 in file app\search_max.s
Comment: is_bigger used once
loop 0000001C

Symbol: loop
   Definitions
      At line 59 in file app\search_max.s
   Uses
      At line 57 in file app\search_max.s
      At line 69 in file app\search_max.s
      At line 72 in file app\search_max.s

myCode 00000000

Symbol: myCode
   Definitions
      At line 20 in file app\search_max.s
   Uses
      None
Comment: myCode unused
no_table 00000012

Symbol: no_table
   Definitions
      At line 52 in file app\search_max.s
   Uses
      At line 43 in file app\search_max.s
Comment: no_table used once
search_max 00000000

Symbol: search_max
   Definitions
      At line 35 in file app\search_max.s
   Uses
      At line 36 in file app\search_max.s
Comment: search_max used once
search_maxi 00000016

Symbol: search_maxi
   Definitions
      At line 55 in file app\search_max.s
   Uses
      At line 48 in file app\search_max.s
Comment: search_maxi used once
7 symbols



ARM Macro Assembler    Page 2 Alphabetic symbol ordering
Relocatable symbols

342 symbols in table
