


ARM Macro Assembler    Page 1 


    1 00000000         ; ------------------------------------------------------
                       ------------
    2 00000000         ; --  _____       ______  _____                         
                                  -
    3 00000000         ; -- |_   _|     |  ____|/ ____|                        
                                  -
    4 00000000         ; --   | |  _ __ | |__  | (___    Institute of Embedded 
                       Systems    -
    5 00000000         ; --   | | | '_ \|  __|  \___ \   Zurich University of  
                                  -
    6 00000000         ; --  _| |_| | | | |____ ____) |  Applied Sciences      
                                  -
    7 00000000         ; -- |_____|_| |_|______|_____/   8401 Winterthur, Switz
                       erland     -
    8 00000000         ; ------------------------------------------------------
                       ------------
    9 00000000         ; --
   10 00000000         ; -- table.s
   11 00000000         ; --
   12 00000000         ; -- CT1 P04 Ein- und Ausgabe von Tabellenwerten
   13 00000000         ; --
   14 00000000         ; -- $Id: table.s 800 2014-10-06 13:19:25Z ruan $
   15 00000000         ; ------------------------------------------------------
                       ------------
   16 00000000         ;Directives
   17 00000000                 PRESERVE8
   18 00000000                 THUMB
   19 00000000         ; ------------------------------------------------------
                       ------------
   20 00000000         ; -- Symbolic Literals
   21 00000000         ; ------------------------------------------------------
                       ------------
   22 00000000 60000200 
                       ADDR_DIP_SWITCH_7_0
                               EQU              0x60000200
   23 00000000 60000201 
                       ADDR_DIP_SWITCH_15_8
                               EQU              0x60000201
   24 00000000 60000203 
                       ADDR_DIP_SWITCH_31_24
                               EQU              0x60000203
   25 00000000 60000100 
                       ADDR_LED_7_0
                               EQU              0x60000100
   26 00000000 60000101 
                       ADDR_LED_15_8
                               EQU              0x60000101
   27 00000000 60000102 
                       ADDR_LED_23_16
                               EQU              0x60000102
   28 00000000 60000103 
                       ADDR_LED_31_24
                               EQU              0x60000103
   29 00000000 60000210 
                       ADDR_BUTTONS
                               EQU              0x60000210
   30 00000000 60000114 
                       ADDR_SEG7_BIN
                               EQU              0x60000114



ARM Macro Assembler    Page 2 


   31 00000000         
   32 00000000 00000001 
                       BITMASK_KEY_T0
                               EQU              0x01
   33 00000000 0000000F 
                       BITMASK_LOWER_NIBBLE
                               EQU              0x0F
   34 00000000         
   35 00000000         ; ------------------------------------------------------
                       ------------
   36 00000000         ; -- Variables
   37 00000000         ; ------------------------------------------------------
                       ------------
   38 00000000                 AREA             MyAsmVar, DATA, READWRITE
   39 00000000         ; STUDENTS: To be programmed
   40 00000000         
   41 00000000 00 00 00 
              00 00 00 
              00 00 00 
              00 00 00 
              00 00 00 
              00       myArray SPACE            16          ; reserve 16 byte (
                                                            4 words)
   42 00000010         
   43 00000010         ; END: To be programmed
   44 00000010                 ALIGN
   45 00000010         
   46 00000010         ; ------------------------------------------------------
                       ------------
   47 00000010         ; -- myCode
   48 00000010         ; ------------------------------------------------------
                       ------------
   49 00000010                 AREA             myCode, CODE, READONLY
   50 00000000         
   51 00000000         main    PROC
   52 00000000                 EXPORT           main
   53 00000000         
   54 00000000         readInput
   55 00000000 F000 F818       BL               waitForKey  ; wait for key to b
                                                            e pressed and relea
                                                            sed
   56 00000004         ; STUDENTS: To be programmed
   57 00000004         
   58 00000004         
   59 00000004         ;----------------------------------START READ INPUTS----
                       ------------------------------
   60 00000004         
   61 00000004 270F            MOVS             R7, #BITMASK_LOWER_NIBBLE
   62 00000006 4C11            LDR              R4, =myArray ; load address of 
                                                            myArray into R4
   63 00000008         
   64 00000008         
   65 00000008         ; Load all DIP switches into the corresponding registers
                       
   66 00000008 4811            LDR              R0, =ADDR_DIP_SWITCH_7_0 ; load
                                                             address of DIP swi
                                                            tch 7-0. This is th
                                                            e Input Value
   67 0000000A 7800            LDRB             R0, [R0]



ARM Macro Assembler    Page 3 


   68 0000000C         
   69 0000000C 4911            LDR              R1, =ADDR_DIP_SWITCH_15_8 ; loa
                                                            d address of DIP sw
                                                            itch 15-8. This is 
                                                            the Input Value
   70 0000000E 7809            LDRB             R1, [R1]    ; load value of DIP
                                                             switch 15-8. This 
                                                            is the Input Value
   71 00000010 4039            ANDS             R1, R1, R7  ; mask the upper ni
                                                            bble of R2
   72 00000012         
   73 00000012         ; Load all LEDs into the corresponding registers
   74 00000012 4A11            LDR              R2, =ADDR_LED_15_8 ; load addre
                                                            ss of LED 15-8. Thi
                                                            s is the Output Val
                                                            ue
   75 00000014 4B11            LDR              R3, =ADDR_LED_7_0 ; load addres
                                                            s of LED 7-0. This 
                                                            is the Output Value
                                                            
   76 00000016         
   77 00000016         ; Display the input value on the LEDs
   78 00000016 7018            STRB             R0, [R3]    ; Write the value o
                                                            f R0 to the address
                                                             of R3
   79 00000018 7011            STRB             R1, [R2]    ; store value of DI
                                                            P switch 15-8 to LE
                                                            D 15-8. This is the
                                                             Output Value
   80 0000001A         ;----------------------------------END READ INPUTS------
                       ----------------------------
   81 0000001A         
   82 0000001A         
   83 0000001A         
   84 0000001A         ;----------------------------------START WRITING TO ARRA
                       Y----------------------------------
   85 0000001A 5460            STRB             R0, [R4, R1] ; store value of R
                                                            0 into myArray at i
                                                            ndex R1
   86 0000001C         ;----------------------------------END WRITING TO ARRAY-
                       ---------------------------------
   87 0000001C         
   88 0000001C         
   89 0000001C         
   90 0000001C         ;----------------------------------START READING OUTPUT 
                       INDEX----------------------------------
   91 0000001C 4810            LDR              R0, =ADDR_DIP_SWITCH_31_24 ; lo
                                                            ad address of DIP s
                                                            witch 31-24. This i
                                                            s the Output Index
   92 0000001E 6800            LDR              R0, [R0]
   93 00000020 4038            ANDS             R0, R0, R7  ; mask the upper ni
                                                            bble of R0
   94 00000022         ;----------------------------------END READING OUTPUT IN
                       DEX----------------------------------
   95 00000022         
   96 00000022         
   97 00000022         
   98 00000022         ;----------------------------------START READING FROM AR



ARM Macro Assembler    Page 4 


                       RAY----------------------------------
   99 00000022 5C21            LDRB             R1, [R4, R0] ; get value of myA
                                                            rray at index R0 in
                                                            to R1
  100 00000024         ;----------------------------------END READING FROM ARRA
                       Y----------------------------------
  101 00000024         
  102 00000024         
  103 00000024         
  104 00000024         ;----------------------------------START OUTPUT VALUES T
                       O OUTPUT DISPLAY (INDEX & VALUES)-----------------------
                       -----------
  105 00000024 4A0F            LDR              R2, =ADDR_LED_23_16 ; load addr
                                                            ess of LED 23-16. T
                                                            his is the Output V
                                                            alue
  106 00000026 7011            STRB             R1, [R2]    ; store value of R1
                                                             into LED 23-16. Th
                                                            is is the Output Va
                                                            lue
  107 00000028         
  108 00000028 4B0F            LDR              R3, =ADDR_LED_31_24 ; load addr
                                                            ess of LED 31-24. T
                                                            his is the Output I
                                                            ndex
  109 0000002A 7018            STRB             R0, [R3]
  110 0000002C         ;----------------------------------END OUTPUT VALUES TO 
                       OUTPUT DISPLAY (INDEX & VALUES)-------------------------
                       ---------
  111 0000002C         
  112 0000002C         
  113 0000002C         
  114 0000002C         ;----------------------------------START OUTPUT VALUES T
                       O 7 SEGMENT DISPLAY HEX---------------------------------
                       -
  115 0000002C 480F            LDR              r0, =ADDR_SEG7_BIN
  116 0000002E 7001            STRB             r1, [r0, #0] ; Write byte of bi
                                                            nary data to DS1..0
                                                            .
  117 00000030         
  118 00000030         ;----------------------------------END OUTPUT VALUES TO 
                       7 SEGMENT DISPLAY HEX----------------------------------
  119 00000030         
  120 00000030         
  121 00000030         
  122 00000030         ; END: To be programmed
  123 00000030 E7E6            B                readInput
  124 00000032 00 00           ALIGN
  125 00000034         
  126 00000034         ; ------------------------------------------------------
                       ------------
  127 00000034         ; Subroutines
  128 00000034         ; ------------------------------------------------------
                       ------------
  129 00000034         
  130 00000034         ; wait for key to be pressed and released
  131 00000034         waitForKey
  132 00000034 B407            PUSH             {R0, R1, R2}
  133 00000036 490E            LDR              R1, =ADDR_BUTTONS ; laod base a



ARM Macro Assembler    Page 5 


                                                            ddress of keys
  134 00000038 4A0E            LDR              R2, =BITMASK_KEY_T0 
                                                            ; load key mask T0
  135 0000003A         
  136 0000003A         waitForPress
  137 0000003A 7808            LDRB             R0, [R1]    ; load key values
  138 0000003C 4210            TST              R0, R2      ; check, if key T0 
                                                            is pressed
  139 0000003E D0FC            BEQ              waitForPress
  140 00000040         
  141 00000040         waitForRelease
  142 00000040 7808            LDRB             R0, [R1]    ; load key values
  143 00000042 4210            TST              R0, R2      ; check, if key T0 
                                                            is released
  144 00000044 D1FC            BNE              waitForRelease
  145 00000046         
  146 00000046 BC07            POP              {R0, R1, R2}
  147 00000048 4770            BX               LR
  148 0000004A 00 00           ALIGN
  149 0000004C         
  150 0000004C         ; ------------------------------------------------------
                       ------------
  151 0000004C         ; End of code
  152 0000004C         ; ------------------------------------------------------
                       ------------
  153 0000004C                 ENDP
  154 0000004C                 END
              00000000 
              60000200 
              60000201 
              60000101 
              60000100 
              60000203 
              60000102 
              60000103 
              60000114 
              60000210 
              00000001 
Command Line: --debug --xref --diag_suppress=9931 --cpu=Cortex-M0 --depend=.\bu
ild\table.d -o.\build\table.o -I.\RTE\_Target_1 -IC:\Users\armandoshala\AppData
\Local\Arm\Packs\InES\CTBoard14_DFP\4.0.2\Device\Include -IC:\Users\armandoshal
a\AppData\Local\Arm\Packs\InES\CTBoard14_DFP\4.0.2\Device\Include\m0 -IC:\Users
\armandoshala\AppData\Local\Arm\Packs\InES\CTBoard14_DFP\4.0.2\HAL\Include --pr
edefine="__EVAL SETA 1" --predefine="__UVISION_VERSION SETA 537" --predefine="_
RTE_ SETA 1" --predefine="_RTE_ SETA 1" --list=.\build\table.lst app\table.s



ARM Macro Assembler    Page 1 Alphabetic symbol ordering
Relocatable symbols

MyAsmVar 00000000

Symbol: MyAsmVar
   Definitions
      At line 38 in file app\table.s
   Uses
      None
Comment: MyAsmVar unused
myArray 00000000

Symbol: myArray
   Definitions
      At line 41 in file app\table.s
   Uses
      At line 62 in file app\table.s
Comment: myArray used once
2 symbols



ARM Macro Assembler    Page 1 Alphabetic symbol ordering
Relocatable symbols

main 00000000

Symbol: main
   Definitions
      At line 51 in file app\table.s
   Uses
      At line 52 in file app\table.s
Comment: main used once
myCode 00000000

Symbol: myCode
   Definitions
      At line 49 in file app\table.s
   Uses
      None
Comment: myCode unused
readInput 00000000

Symbol: readInput
   Definitions
      At line 54 in file app\table.s
   Uses
      At line 123 in file app\table.s
Comment: readInput used once
waitForKey 00000034

Symbol: waitForKey
   Definitions
      At line 131 in file app\table.s
   Uses
      At line 55 in file app\table.s
Comment: waitForKey used once
waitForPress 0000003A

Symbol: waitForPress
   Definitions
      At line 136 in file app\table.s
   Uses
      At line 139 in file app\table.s
Comment: waitForPress used once
waitForRelease 00000040

Symbol: waitForRelease
   Definitions
      At line 141 in file app\table.s
   Uses
      At line 144 in file app\table.s
Comment: waitForRelease used once
6 symbols



ARM Macro Assembler    Page 1 Alphabetic symbol ordering
Absolute symbols

ADDR_BUTTONS 60000210

Symbol: ADDR_BUTTONS
   Definitions
      At line 29 in file app\table.s
   Uses
      At line 133 in file app\table.s
Comment: ADDR_BUTTONS used once
ADDR_DIP_SWITCH_15_8 60000201

Symbol: ADDR_DIP_SWITCH_15_8
   Definitions
      At line 23 in file app\table.s
   Uses
      At line 69 in file app\table.s
Comment: ADDR_DIP_SWITCH_15_8 used once
ADDR_DIP_SWITCH_31_24 60000203

Symbol: ADDR_DIP_SWITCH_31_24
   Definitions
      At line 24 in file app\table.s
   Uses
      At line 91 in file app\table.s
Comment: ADDR_DIP_SWITCH_31_24 used once
ADDR_DIP_SWITCH_7_0 60000200

Symbol: ADDR_DIP_SWITCH_7_0
   Definitions
      At line 22 in file app\table.s
   Uses
      At line 66 in file app\table.s
Comment: ADDR_DIP_SWITCH_7_0 used once
ADDR_LED_15_8 60000101

Symbol: ADDR_LED_15_8
   Definitions
      At line 26 in file app\table.s
   Uses
      At line 74 in file app\table.s
Comment: ADDR_LED_15_8 used once
ADDR_LED_23_16 60000102

Symbol: ADDR_LED_23_16
   Definitions
      At line 27 in file app\table.s
   Uses
      At line 105 in file app\table.s
Comment: ADDR_LED_23_16 used once
ADDR_LED_31_24 60000103

Symbol: ADDR_LED_31_24
   Definitions
      At line 28 in file app\table.s
   Uses
      At line 108 in file app\table.s
Comment: ADDR_LED_31_24 used once
ADDR_LED_7_0 60000100

Symbol: ADDR_LED_7_0



ARM Macro Assembler    Page 2 Alphabetic symbol ordering
Absolute symbols

   Definitions
      At line 25 in file app\table.s
   Uses
      At line 75 in file app\table.s
Comment: ADDR_LED_7_0 used once
ADDR_SEG7_BIN 60000114

Symbol: ADDR_SEG7_BIN
   Definitions
      At line 30 in file app\table.s
   Uses
      At line 115 in file app\table.s
Comment: ADDR_SEG7_BIN used once
BITMASK_KEY_T0 00000001

Symbol: BITMASK_KEY_T0
   Definitions
      At line 32 in file app\table.s
   Uses
      At line 134 in file app\table.s
Comment: BITMASK_KEY_T0 used once
BITMASK_LOWER_NIBBLE 0000000F

Symbol: BITMASK_LOWER_NIBBLE
   Definitions
      At line 33 in file app\table.s
   Uses
      At line 61 in file app\table.s
Comment: BITMASK_LOWER_NIBBLE used once
11 symbols
354 symbols in table
